Database Import report for EncoderCRC8
Sun Nov 19 14:10:12 2023
Quartus Prime Version 17.0.0 Build 595 04/25/2017 SJ Lite Edition


---------------------
; Table of Contents ;
---------------------
  1. Legal Notice
  2. Database Import Summary
  3. Database Import Messages



----------------
; Legal Notice ;
----------------
Copyright (C) 2017  Intel Corporation. All rights reserved.
Your use of Intel Corporation's design tools, logic functions 
and other software and tools, and its AMPP partner logic 
functions, and any output files from any of the foregoing 
(including device programming or simulation files), and any 
associated documentation or information are expressly subject 
to the terms and conditions of the Intel Program License 
Subscription Agreement, the Intel Quartus Prime License Agreement,
the Intel MegaCore Function License Agreement, or other 
applicable license agreement, including, without limitation, 
that your use is for the sole purpose of programming logic 
devices manufactured by Intel and sold by Intel or its 
authorized distributors.  Please refer to the applicable 
agreement for further details.



+------------------------------------------------------------+
; Database Import Summary                                    ;
+------------------------+-----------------------------------+
; Database Import Status ; Failed - Sun Nov 19 14:10:12 2023 ;
; Revision Name          ; EncoderCRC8                       ;
; Top-level Entity Name  ; EncoderCRC8                       ;
; Family                 ; Cyclone V                         ;
; Device                 ; 5CGXFC7C7F23C8                    ;
+------------------------+-----------------------------------+


+--------------------------+
; Database Import Messages ;
+--------------------------+
Info: *******************************************************************
Info: Running Quartus Prime Database Import
    Info: Version 17.0.0 Build 595 04/25/2017 SJ Lite Edition
    Info: Processing started: Sun Nov 19 14:10:11 2023
Info: Command: quartus_cdb EncoderCRC8 -c EncoderCRC8 --import_database=C:\Users\Adalb\Desktop\QuartoAno\AAD\Pratico\Arquitetura\Enco\db
Error (39039): Can't read version-compatible database file C:/Users/Adalb/Desktop/QuartoAno/AAD/Pratico/Arquitetura/Enco/db/EncoderCRC8.map.atm -- make sure the file exists and is up to date, and you have permission to read the file
Error: Quartus Prime Database Import was unsuccessful. 1 error, 0 warnings
    Error: Peak virtual memory: 4656 megabytes
    Error: Processing ended: Sun Nov 19 14:10:12 2023
    Error: Elapsed time: 00:00:01
    Error: Total CPU time (on all processors): 00:00:00


