Flow report for EncoderCRC8
Mon Nov 27 18:27:53 2023
Quartus Prime Version 17.0.0 Build 595 04/25/2017 SJ Lite Edition


---------------------
; Table of Contents ;
---------------------
  1. Legal Notice
  2. Flow Summary
  3. Flow Settings
  4. Flow Non-Default Global Settings
  5. Flow Elapsed Time
  6. Flow OS Summary
  7. Flow Log
  8. Flow Messages
  9. Flow Suppressed Messages



----------------
; Legal Notice ;
----------------
Copyright (C) 2017  Intel Corporation. All rights reserved.
Your use of Intel Corporation's design tools, logic functions 
and other software and tools, and its AMPP partner logic 
functions, and any output files from any of the foregoing 
(including device programming or simulation files), and any 
associated documentation or information are expressly subject 
to the terms and conditions of the Intel Program License 
Subscription Agreement, the Intel Quartus Prime License Agreement,
the Intel MegaCore Function License Agreement, or other 
applicable license agreement, including, without limitation, 
that your use is for the sole purpose of programming logic 
devices manufactured by Intel and sold by Intel or its 
authorized distributors.  Please refer to the applicable 
agreement for further details.



+-------------------------------------------------------------------------------+
; Flow Summary                                                                  ;
+---------------------------------+---------------------------------------------+
; Flow Status                     ; Successful - Mon Nov 27 18:27:53 2023       ;
; Quartus Prime Version           ; 17.0.0 Build 595 04/25/2017 SJ Lite Edition ;
; Revision Name                   ; EncoderCRC8                                 ;
; Top-level Entity Name           ; EncoderCRC8                                 ;
; Family                          ; Cyclone V                                   ;
; Device                          ; 5CGXFC7C7F23C8                              ;
; Timing Models                   ; Final                                       ;
; Logic utilization (in ALMs)     ; 1 / 56,480 ( < 1 % )                        ;
; Total registers                 ; 2                                           ;
; Total pins                      ; 4 / 268 ( 1 % )                             ;
; Total virtual pins              ; 0                                           ;
; Total block memory bits         ; 0 / 7,024,640 ( 0 % )                       ;
; Total DSP Blocks                ; 0 / 156 ( 0 % )                             ;
; Total HSSI RX PCSs              ; 0 / 6 ( 0 % )                               ;
; Total HSSI PMA RX Deserializers ; 0 / 6 ( 0 % )                               ;
; Total HSSI TX PCSs              ; 0 / 6 ( 0 % )                               ;
; Total HSSI PMA TX Serializers   ; 0 / 6 ( 0 % )                               ;
; Total PLLs                      ; 0 / 13 ( 0 % )                              ;
; Total DLLs                      ; 0 / 4 ( 0 % )                               ;
+---------------------------------+---------------------------------------------+


+-----------------------------------------+
; Flow Settings                           ;
+-------------------+---------------------+
; Option            ; Setting             ;
+-------------------+---------------------+
; Start date & time ; 11/27/2023 17:51:58 ;
; Main task         ; Compilation         ;
; Revision Name     ; EncoderCRC8         ;
+-------------------+---------------------+


+-----------------------------------------------------------------------------------------------------------------------------+
; Flow Non-Default Global Settings                                                                                            ;
+-------------------------------------+----------------------------------------+---------------+-------------+----------------+
; Assignment Name                     ; Value                                  ; Default Value ; Entity Name ; Section Id     ;
+-------------------------------------+----------------------------------------+---------------+-------------+----------------+
; COMPILER_SIGNATURE_ID               ; 92384131673457.170110751810420         ; --            ; --          ; --             ;
; EDA_OUTPUT_DATA_FORMAT              ; Vhdl                                   ; --            ; --          ; eda_simulation ;
; EDA_RUN_TOOL_AUTOMATICALLY          ; On                                     ; --            ; --          ; eda_simulation ;
; EDA_SIMULATION_TOOL                 ; ModelSim-Altera (VHDL)                 ; <None>        ; --          ; --             ;
; EDA_TIME_SCALE                      ; 1 ps                                   ; --            ; --          ; eda_simulation ;
; MAX_CORE_JUNCTION_TEMP              ; 85                                     ; --            ; --          ; --             ;
; MIN_CORE_JUNCTION_TEMP              ; 0                                      ; --            ; --          ; --             ;
; PARTITION_COLOR                     ; -- (Not supported for targeted family) ; --            ; --          ; Top            ;
; PARTITION_FITTER_PRESERVATION_LEVEL ; -- (Not supported for targeted family) ; --            ; --          ; Top            ;
; PARTITION_NETLIST_TYPE              ; -- (Not supported for targeted family) ; --            ; --          ; Top            ;
; POWER_BOARD_THERMAL_MODEL           ; None (CONSERVATIVE)                    ; --            ; --          ; --             ;
; POWER_PRESET_COOLING_SOLUTION       ; 23 MM HEAT SINK WITH 200 LFPM AIRFLOW  ; --            ; --          ; --             ;
; PROJECT_OUTPUT_DIRECTORY            ; output_files                           ; --            ; --          ; --             ;
+-------------------------------------+----------------------------------------+---------------+-------------+----------------+


+-------------------------------------------------------------------------------------------------------------------------------+
; Flow Elapsed Time                                                                                                             ;
+---------------------------+--------------+-------------------------+---------------------+------------------------------------+
; Module Name               ; Elapsed Time ; Average Processors Used ; Peak Virtual Memory ; Total CPU Time (on all processors) ;
+---------------------------+--------------+-------------------------+---------------------+------------------------------------+
; Analysis & Synthesis      ; 00:00:10     ; 1.0                     ; 4855 MB             ; 00:00:08                           ;
; Fitter                    ; 00:00:31     ; 1.0                     ; 6655 MB             ; 00:00:37                           ;
; Assembler                 ; 00:00:07     ; 1.0                     ; 4824 MB             ; 00:00:05                           ;
; TimeQuest Timing Analyzer ; 00:00:05     ; 1.0                     ; 5133 MB             ; 00:00:03                           ;
; EDA Netlist Writer        ; 00:00:01     ; 1.0                     ; 4730 MB             ; 00:00:01                           ;
; EDA Netlist Writer        ; 00:00:01     ; 1.0                     ; 4708 MB             ; 00:00:01                           ;
; EDA Netlist Writer        ; 00:00:01     ; 1.0                     ; 4711 MB             ; 00:00:01                           ;
; EDA Netlist Writer        ; 00:00:01     ; 1.0                     ; 4718 MB             ; 00:00:00                           ;
; Total                     ; 00:00:57     ; --                      ; --                  ; 00:00:56                           ;
+---------------------------+--------------+-------------------------+---------------------+------------------------------------+


+-----------------------------------------------------------------------------------------+
; Flow OS Summary                                                                         ;
+---------------------------+------------------+------------+------------+----------------+
; Module Name               ; Machine Hostname ; OS Name    ; OS Version ; Processor type ;
+---------------------------+------------------+------------+------------+----------------+
; Analysis & Synthesis      ; LAPTOP-3N68JDSJ  ; Windows 10 ; 10.0       ; x86_64         ;
; Fitter                    ; LAPTOP-3N68JDSJ  ; Windows 10 ; 10.0       ; x86_64         ;
; Assembler                 ; LAPTOP-3N68JDSJ  ; Windows 10 ; 10.0       ; x86_64         ;
; TimeQuest Timing Analyzer ; LAPTOP-3N68JDSJ  ; Windows 10 ; 10.0       ; x86_64         ;
; EDA Netlist Writer        ; LAPTOP-3N68JDSJ  ; Windows 10 ; 10.0       ; x86_64         ;
; EDA Netlist Writer        ; LAPTOP-3N68JDSJ  ; Windows 10 ; 10.0       ; x86_64         ;
; EDA Netlist Writer        ; LAPTOP-3N68JDSJ  ; Windows 10 ; 10.0       ; x86_64         ;
; EDA Netlist Writer        ; LAPTOP-3N68JDSJ  ; Windows 10 ; 10.0       ; x86_64         ;
+---------------------------+------------------+------------+------------+----------------+


------------
; Flow Log ;
------------
quartus_map --read_settings_files=on --write_settings_files=off EncoderCRC8 -c EncoderCRC8
quartus_fit --read_settings_files=off --write_settings_files=off EncoderCRC8 -c EncoderCRC8
quartus_asm --read_settings_files=off --write_settings_files=off EncoderCRC8 -c EncoderCRC8
quartus_sta EncoderCRC8 -c EncoderCRC8
quartus_eda --read_settings_files=off --write_settings_files=off EncoderCRC8 -c EncoderCRC8
quartus_eda --gen_testbench --tool=modelsim_oem --format=vhdl --write_settings_files=off EncoderCRC8 -c EncoderCRC8 --vector_source=C:/Users/Adalb/Desktop/QuartoAno/AAD/Pratico/Arquitetura/Enco/Waveform.vwf --testbench_file=C:/Users/Adalb/Desktop/QuartoAno/AAD/Pratico/Arquitetura/Enco/simulation/qsim/Waveform.vwf.vht
quartus_eda --gen_testbench --tool=modelsim_oem --format=vhdl --write_settings_files=off EncoderCRC8 -c EncoderCRC8 --vector_source=C:/Users/Adalb/Desktop/QuartoAno/AAD/Pratico/Arquitetura/Enco/encoderTest.vwf --testbench_file=C:/Users/Adalb/Desktop/QuartoAno/AAD/Pratico/Arquitetura/Enco/simulation/qsim/encoderTest.vwf.vht
quartus_eda --write_settings_files=off --simulation=on --functional=on --flatten_buses=off --tool=modelsim_oem --format=vhdl --output_directory=C:/Users/Adalb/Desktop/QuartoAno/AAD/Pratico/Arquitetura/Enco/simulation/qsim/ EncoderCRC8 -c EncoderCRC8



