Analysis & Synthesis report for popCounter_32bitSerial
Sun Nov 19 11:53:34 2023
Quartus Prime Version 17.0.0 Build 595 04/25/2017 SJ Lite Edition


---------------------
; Table of Contents ;
---------------------
  1. Legal Notice
  2. Analysis & Synthesis Summary
  3. Analysis & Synthesis Settings
  4. Parallel Compilation
  5. Analysis & Synthesis Source Files Read
  6. Analysis & Synthesis Resource Usage Summary
  7. Analysis & Synthesis Resource Utilization by Entity
  8. Registers Removed During Synthesis
  9. General Register Statistics
 10. Inverted Register Statistics
 11. Port Connectivity Checks: "binCounter_6bit:bc|flipFlopDPET:ff5"
 12. Port Connectivity Checks: "binCounter_6bit:bc|flipFlopDPET:ff4"
 13. Port Connectivity Checks: "binCounter_6bit:bc|flipFlopDPET:ff3"
 14. Port Connectivity Checks: "binCounter_6bit:bc|flipFlopDPET:ff2"
 15. Port Connectivity Checks: "binCounter_6bit:bc|flipFlopDPET:ff1"
 16. Port Connectivity Checks: "binCounter_6bit:bc|flipFlopDPET:ff0"
 17. Port Connectivity Checks: "parReg_6bit:pr6|flipFlopDPET:ff5"
 18. Port Connectivity Checks: "parReg_6bit:pr6|flipFlopDPET:ff4"
 19. Port Connectivity Checks: "parReg_6bit:pr6|flipFlopDPET:ff3"
 20. Port Connectivity Checks: "parReg_6bit:pr6|flipFlopDPET:ff2"
 21. Port Connectivity Checks: "parReg_6bit:pr6|flipFlopDPET:ff1"
 22. Port Connectivity Checks: "parReg_6bit:pr6|flipFlopDPET:ff0"
 23. Port Connectivity Checks: "parReg_5bit:pr5|flipFlopDPET:ff4"
 24. Port Connectivity Checks: "parReg_5bit:pr5|flipFlopDPET:ff3"
 25. Port Connectivity Checks: "parReg_5bit:pr5|flipFlopDPET:ff2"
 26. Port Connectivity Checks: "parReg_5bit:pr5|flipFlopDPET:ff1"
 27. Port Connectivity Checks: "parReg_5bit:pr5|flipFlopDPET:ff0"
 28. Port Connectivity Checks: "flipFlopDPET:ff"
 29. Post-Synthesis Netlist Statistics for Top Partition
 30. Elapsed Time Per Partition
 31. Analysis & Synthesis Messages



----------------
; Legal Notice ;
----------------
Copyright (C) 2017  Intel Corporation. All rights reserved.
Your use of Intel Corporation's design tools, logic functions 
and other software and tools, and its AMPP partner logic 
functions, and any output files from any of the foregoing 
(including device programming or simulation files), and any 
associated documentation or information are expressly subject 
to the terms and conditions of the Intel Program License 
Subscription Agreement, the Intel Quartus Prime License Agreement,
the Intel MegaCore Function License Agreement, or other 
applicable license agreement, including, without limitation, 
that your use is for the sole purpose of programming logic 
devices manufactured by Intel and sold by Intel or its 
authorized distributors.  Please refer to the applicable 
agreement for further details.



+-------------------------------------------------------------------------------+
; Analysis & Synthesis Summary                                                  ;
+---------------------------------+---------------------------------------------+
; Analysis & Synthesis Status     ; Successful - Sun Nov 19 11:53:34 2023       ;
; Quartus Prime Version           ; 17.0.0 Build 595 04/25/2017 SJ Lite Edition ;
; Revision Name                   ; popCounter_32bitSerial                      ;
; Top-level Entity Name           ; popCounter_32bitSerial                      ;
; Family                          ; Cyclone V                                   ;
; Logic utilization (in ALMs)     ; N/A                                         ;
; Total registers                 ; 18                                          ;
; Total pins                      ; 9                                           ;
; Total virtual pins              ; 0                                           ;
; Total block memory bits         ; 0                                           ;
; Total DSP Blocks                ; 0                                           ;
; Total HSSI RX PCSs              ; 0                                           ;
; Total HSSI PMA RX Deserializers ; 0                                           ;
; Total HSSI TX PCSs              ; 0                                           ;
; Total HSSI PMA TX Serializers   ; 0                                           ;
; Total PLLs                      ; 0                                           ;
; Total DLLs                      ; 0                                           ;
+---------------------------------+---------------------------------------------+


+-----------------------------------------------------------------------------------------------------------------------------------+
; Analysis & Synthesis Settings                                                                                                     ;
+---------------------------------------------------------------------------------+------------------------+------------------------+
; Option                                                                          ; Setting                ; Default Value          ;
+---------------------------------------------------------------------------------+------------------------+------------------------+
; Device                                                                          ; 5CGXFC7C7F23C8         ;                        ;
; Top-level entity name                                                           ; popCounter_32bitSerial ; popCounter_32bitSerial ;
; Family name                                                                     ; Cyclone V              ; Cyclone V              ;
; Maximum processors allowed for parallel compilation                             ; All                    ;                        ;
; Use smart compilation                                                           ; Off                    ; Off                    ;
; Enable parallel Assembler and TimeQuest Timing Analyzer during compilation      ; On                     ; On                     ;
; Enable compact report table                                                     ; Off                    ; Off                    ;
; Restructure Multiplexers                                                        ; Auto                   ; Auto                   ;
; MLAB Add Timing Constraints For Mixed-Port Feed-Through Mode Setting Don't Care ; Off                    ; Off                    ;
; Create Debugging Nodes for IP Cores                                             ; Off                    ; Off                    ;
; Preserve fewer node names                                                       ; On                     ; On                     ;
; OpenCore Plus hardware evaluation                                               ; Enable                 ; Enable                 ;
; Verilog Version                                                                 ; Verilog_2001           ; Verilog_2001           ;
; VHDL Version                                                                    ; VHDL_1993              ; VHDL_1993              ;
; State Machine Processing                                                        ; Auto                   ; Auto                   ;
; Safe State Machine                                                              ; Off                    ; Off                    ;
; Extract Verilog State Machines                                                  ; On                     ; On                     ;
; Extract VHDL State Machines                                                     ; On                     ; On                     ;
; Ignore Verilog initial constructs                                               ; Off                    ; Off                    ;
; Iteration limit for constant Verilog loops                                      ; 5000                   ; 5000                   ;
; Iteration limit for non-constant Verilog loops                                  ; 250                    ; 250                    ;
; Add Pass-Through Logic to Inferred RAMs                                         ; On                     ; On                     ;
; Infer RAMs from Raw Logic                                                       ; On                     ; On                     ;
; Parallel Synthesis                                                              ; On                     ; On                     ;
; DSP Block Balancing                                                             ; Auto                   ; Auto                   ;
; NOT Gate Push-Back                                                              ; On                     ; On                     ;
; Power-Up Don't Care                                                             ; On                     ; On                     ;
; Remove Redundant Logic Cells                                                    ; Off                    ; Off                    ;
; Remove Duplicate Registers                                                      ; On                     ; On                     ;
; Ignore CARRY Buffers                                                            ; Off                    ; Off                    ;
; Ignore CASCADE Buffers                                                          ; Off                    ; Off                    ;
; Ignore GLOBAL Buffers                                                           ; Off                    ; Off                    ;
; Ignore ROW GLOBAL Buffers                                                       ; Off                    ; Off                    ;
; Ignore LCELL Buffers                                                            ; Off                    ; Off                    ;
; Ignore SOFT Buffers                                                             ; On                     ; On                     ;
; Limit AHDL Integers to 32 Bits                                                  ; Off                    ; Off                    ;
; Optimization Technique                                                          ; Balanced               ; Balanced               ;
; Carry Chain Length                                                              ; 70                     ; 70                     ;
; Auto Carry Chains                                                               ; On                     ; On                     ;
; Auto Open-Drain Pins                                                            ; On                     ; On                     ;
; Perform WYSIWYG Primitive Resynthesis                                           ; Off                    ; Off                    ;
; Auto ROM Replacement                                                            ; On                     ; On                     ;
; Auto RAM Replacement                                                            ; On                     ; On                     ;
; Auto DSP Block Replacement                                                      ; On                     ; On                     ;
; Auto Shift Register Replacement                                                 ; Auto                   ; Auto                   ;
; Allow Shift Register Merging across Hierarchies                                 ; Auto                   ; Auto                   ;
; Auto Clock Enable Replacement                                                   ; On                     ; On                     ;
; Strict RAM Replacement                                                          ; Off                    ; Off                    ;
; Allow Synchronous Control Signals                                               ; On                     ; On                     ;
; Force Use of Synchronous Clear Signals                                          ; Off                    ; Off                    ;
; Auto Resource Sharing                                                           ; Off                    ; Off                    ;
; Allow Any RAM Size For Recognition                                              ; Off                    ; Off                    ;
; Allow Any ROM Size For Recognition                                              ; Off                    ; Off                    ;
; Allow Any Shift Register Size For Recognition                                   ; Off                    ; Off                    ;
; Use LogicLock Constraints during Resource Balancing                             ; On                     ; On                     ;
; Ignore translate_off and synthesis_off directives                               ; Off                    ; Off                    ;
; Timing-Driven Synthesis                                                         ; On                     ; On                     ;
; Report Parameter Settings                                                       ; On                     ; On                     ;
; Report Source Assignments                                                       ; On                     ; On                     ;
; Report Connectivity Checks                                                      ; On                     ; On                     ;
; Ignore Maximum Fan-Out Assignments                                              ; Off                    ; Off                    ;
; Synchronization Register Chain Length                                           ; 3                      ; 3                      ;
; PowerPlay Power Optimization During Synthesis                                   ; Normal compilation     ; Normal compilation     ;
; HDL message level                                                               ; Level2                 ; Level2                 ;
; Suppress Register Optimization Related Messages                                 ; Off                    ; Off                    ;
; Number of Removed Registers Reported in Synthesis Report                        ; 5000                   ; 5000                   ;
; Number of Swept Nodes Reported in Synthesis Report                              ; 5000                   ; 5000                   ;
; Number of Inverted Registers Reported in Synthesis Report                       ; 100                    ; 100                    ;
; Clock MUX Protection                                                            ; On                     ; On                     ;
; Auto Gated Clock Conversion                                                     ; Off                    ; Off                    ;
; Block Design Naming                                                             ; Auto                   ; Auto                   ;
; SDC constraint protection                                                       ; Off                    ; Off                    ;
; Synthesis Effort                                                                ; Auto                   ; Auto                   ;
; Shift Register Replacement - Allow Asynchronous Clear Signal                    ; On                     ; On                     ;
; Pre-Mapping Resynthesis Optimization                                            ; Off                    ; Off                    ;
; Analysis & Synthesis Message Level                                              ; Medium                 ; Medium                 ;
; Disable Register Merging Across Hierarchies                                     ; Auto                   ; Auto                   ;
; Resource Aware Inference For Block RAM                                          ; On                     ; On                     ;
; Automatic Parallel Synthesis                                                    ; On                     ; On                     ;
; Partial Reconfiguration Bitstream ID                                            ; Off                    ; Off                    ;
+---------------------------------------------------------------------------------+------------------------+------------------------+


+------------------------------------------+
; Parallel Compilation                     ;
+----------------------------+-------------+
; Processors                 ; Number      ;
+----------------------------+-------------+
; Number detected on machine ; 8           ;
; Maximum allowed            ; 4           ;
;                            ;             ;
; Average used               ; 1.00        ;
; Maximum used               ; 4           ;
;                            ;             ;
; Usage by Processor         ; % Time Used ;
;     Processor 1            ; 100.0%      ;
;     Processor 2            ;   0.0%      ;
;     Processors 3-4         ;   0.0%      ;
+----------------------------+-------------+


+------------------------------------------------------------------------------------------------------------------------------------------------------------------------------+
; Analysis & Synthesis Source Files Read                                                                                                                                       ;
+----------------------------------+-----------------+-----------------+---------------------------------------------------------------------------------------------+---------+
; File Name with User-Entered Path ; Used in Netlist ; File Type       ; File Name with Absolute Path                                                                ; Library ;
+----------------------------------+-----------------+-----------------+---------------------------------------------------------------------------------------------+---------+
; popCounter_32bitSerial.vhd       ; yes             ; User VHDL File  ; C:/Users/Adalb/Desktop/QuartoAno/AAD/Pratico/Arquitetura/Exemplo/popCounter_32bitSerial.vhd ;         ;
; storeDev.vhd                     ; yes             ; User VHDL File  ; C:/Users/Adalb/Desktop/QuartoAno/AAD/Pratico/Arquitetura/Exemplo/storeDev.vhd               ;         ;
; simpleLogic.vhd                  ; yes             ; User VHDL File  ; C:/Users/Adalb/Desktop/QuartoAno/AAD/Pratico/Arquitetura/Exemplo/simpleLogic.vhd            ;         ;
; control.vhd                      ; yes             ; User VHDL File  ; C:/Users/Adalb/Desktop/QuartoAno/AAD/Pratico/Arquitetura/Exemplo/control.vhd                ;         ;
; arithmetic.vhd                   ; yes             ; User VHDL File  ; C:/Users/Adalb/Desktop/QuartoAno/AAD/Pratico/Arquitetura/Exemplo/arithmetic.vhd             ;         ;
+----------------------------------+-----------------+-----------------+---------------------------------------------------------------------------------------------+---------+


+---------------------------------------------------------+
; Analysis & Synthesis Resource Usage Summary             ;
+---------------------------------------------+-----------+
; Resource                                    ; Usage     ;
+---------------------------------------------+-----------+
; Estimate of Logic utilization (ALMs needed) ; 14        ;
;                                             ;           ;
; Combinational ALUT usage for logic          ; 22        ;
;     -- 7 input functions                    ; 0         ;
;     -- 6 input functions                    ; 4         ;
;     -- 5 input functions                    ; 3         ;
;     -- 4 input functions                    ; 3         ;
;     -- <=3 input functions                  ; 12        ;
;                                             ;           ;
; Dedicated logic registers                   ; 18        ;
;                                             ;           ;
; I/O pins                                    ; 9         ;
;                                             ;           ;
; Total DSP Blocks                            ; 0         ;
;                                             ;           ;
; Maximum fan-out node                        ; clk~input ;
; Maximum fan-out                             ; 15        ;
; Total fan-out                               ; 142       ;
; Average fan-out                             ; 2.45      ;
+---------------------------------------------+-----------+


+-------------------------------------------------------------------------------------------------------------------------------------------------------------------------------------------------------------------------------------------------------------+
; Analysis & Synthesis Resource Utilization by Entity                                                                                                                                                                                                         ;
+-----------------------------+---------------------+---------------------------+-------------------+------------+------+--------------+------------------------------------------------------------------------------+------------------------+--------------+
; Compilation Hierarchy Node  ; Combinational ALUTs ; Dedicated Logic Registers ; Block Memory Bits ; DSP Blocks ; Pins ; Virtual Pins ; Full Hierarchy Name                                                          ; Entity Name            ; Library Name ;
+-----------------------------+---------------------+---------------------------+-------------------+------------+------+--------------+------------------------------------------------------------------------------+------------------------+--------------+
; |popCounter_32bitSerial     ; 22 (0)              ; 18 (0)                    ; 0                 ; 0          ; 9    ; 0            ; |popCounter_32bitSerial                                                      ; popCounter_32bitSerial ; work         ;
;    |binCounter_6bit:bc|     ; 6 (0)               ; 6 (0)                     ; 0                 ; 0          ; 0    ; 0            ; |popCounter_32bitSerial|binCounter_6bit:bc                                   ; binCounter_6bit        ; work         ;
;       |flipFlopDPET:ff0|    ; 1 (1)               ; 1 (1)                     ; 0                 ; 0          ; 0    ; 0            ; |popCounter_32bitSerial|binCounter_6bit:bc|flipFlopDPET:ff0                  ; flipFlopDPET           ; work         ;
;       |flipFlopDPET:ff1|    ; 1 (1)               ; 1 (1)                     ; 0                 ; 0          ; 0    ; 0            ; |popCounter_32bitSerial|binCounter_6bit:bc|flipFlopDPET:ff1                  ; flipFlopDPET           ; work         ;
;       |flipFlopDPET:ff2|    ; 1 (1)               ; 1 (1)                     ; 0                 ; 0          ; 0    ; 0            ; |popCounter_32bitSerial|binCounter_6bit:bc|flipFlopDPET:ff2                  ; flipFlopDPET           ; work         ;
;       |flipFlopDPET:ff3|    ; 1 (1)               ; 1 (1)                     ; 0                 ; 0          ; 0    ; 0            ; |popCounter_32bitSerial|binCounter_6bit:bc|flipFlopDPET:ff3                  ; flipFlopDPET           ; work         ;
;       |flipFlopDPET:ff4|    ; 1 (1)               ; 1 (1)                     ; 0                 ; 0          ; 0    ; 0            ; |popCounter_32bitSerial|binCounter_6bit:bc|flipFlopDPET:ff4                  ; flipFlopDPET           ; work         ;
;       |flipFlopDPET:ff5|    ; 1 (1)               ; 1 (1)                     ; 0                 ; 0          ; 0    ; 0            ; |popCounter_32bitSerial|binCounter_6bit:bc|flipFlopDPET:ff5                  ; flipFlopDPET           ; work         ;
;    |control:con|            ; 5 (0)               ; 0 (0)                     ; 0                 ; 0          ; 0    ; 0            ; |popCounter_32bitSerial|control:con                                          ; control                ; work         ;
;       |gateNand2:nad2|      ; 3 (3)               ; 0 (0)                     ; 0                 ; 0          ; 0    ; 0            ; |popCounter_32bitSerial|control:con|gateNand2:nad2                           ; gateNand2              ; work         ;
;       |gateNand2:nad4|      ; 1 (1)               ; 0 (0)                     ; 0                 ; 0          ; 0    ; 0            ; |popCounter_32bitSerial|control:con|gateNand2:nad4                           ; gateNand2              ; work         ;
;       |gateNor2:nord|       ; 1 (1)               ; 0 (0)                     ; 0                 ; 0          ; 0    ; 0            ; |popCounter_32bitSerial|control:con|gateNor2:nord                            ; gateNor2               ; work         ;
;    |flipFlopDPET:ff|        ; 0 (0)               ; 1 (1)                     ; 0                 ; 0          ; 0    ; 0            ; |popCounter_32bitSerial|flipFlopDPET:ff                                      ; flipFlopDPET           ; work         ;
;    |halfAdder_5bit:hd|      ; 6 (0)               ; 0 (0)                     ; 0                 ; 0          ; 0    ; 0            ; |popCounter_32bitSerial|halfAdder_5bit:hd                                    ; halfAdder_5bit         ; work         ;
;       |halfAdder_1bit:hA10| ; 1 (0)               ; 0 (0)                     ; 0                 ; 0          ; 0    ; 0            ; |popCounter_32bitSerial|halfAdder_5bit:hd|halfAdder_1bit:hA10                ; halfAdder_1bit         ; work         ;
;          |gateXor2:xor20|   ; 1 (1)               ; 0 (0)                     ; 0                 ; 0          ; 0    ; 0            ; |popCounter_32bitSerial|halfAdder_5bit:hd|halfAdder_1bit:hA10|gateXor2:xor20 ; gateXor2               ; work         ;
;       |halfAdder_1bit:hA11| ; 1 (0)               ; 0 (0)                     ; 0                 ; 0          ; 0    ; 0            ; |popCounter_32bitSerial|halfAdder_5bit:hd|halfAdder_1bit:hA11                ; halfAdder_1bit         ; work         ;
;          |gateXor2:xor20|   ; 1 (1)               ; 0 (0)                     ; 0                 ; 0          ; 0    ; 0            ; |popCounter_32bitSerial|halfAdder_5bit:hd|halfAdder_1bit:hA11|gateXor2:xor20 ; gateXor2               ; work         ;
;       |halfAdder_1bit:hA12| ; 1 (0)               ; 0 (0)                     ; 0                 ; 0          ; 0    ; 0            ; |popCounter_32bitSerial|halfAdder_5bit:hd|halfAdder_1bit:hA12                ; halfAdder_1bit         ; work         ;
;          |gateXor2:xor20|   ; 1 (1)               ; 0 (0)                     ; 0                 ; 0          ; 0    ; 0            ; |popCounter_32bitSerial|halfAdder_5bit:hd|halfAdder_1bit:hA12|gateXor2:xor20 ; gateXor2               ; work         ;
;       |halfAdder_1bit:hA13| ; 1 (0)               ; 0 (0)                     ; 0                 ; 0          ; 0    ; 0            ; |popCounter_32bitSerial|halfAdder_5bit:hd|halfAdder_1bit:hA13                ; halfAdder_1bit         ; work         ;
;          |gateXor2:xor20|   ; 1 (1)               ; 0 (0)                     ; 0                 ; 0          ; 0    ; 0            ; |popCounter_32bitSerial|halfAdder_5bit:hd|halfAdder_1bit:hA13|gateXor2:xor20 ; gateXor2               ; work         ;
;       |halfAdder_1bit:hA14| ; 2 (0)               ; 0 (0)                     ; 0                 ; 0          ; 0    ; 0            ; |popCounter_32bitSerial|halfAdder_5bit:hd|halfAdder_1bit:hA14                ; halfAdder_1bit         ; work         ;
;          |gateAnd2:and20|   ; 1 (1)               ; 0 (0)                     ; 0                 ; 0          ; 0    ; 0            ; |popCounter_32bitSerial|halfAdder_5bit:hd|halfAdder_1bit:hA14|gateAnd2:and20 ; gateAnd2               ; work         ;
;          |gateXor2:xor20|   ; 1 (1)               ; 0 (0)                     ; 0                 ; 0          ; 0    ; 0            ; |popCounter_32bitSerial|halfAdder_5bit:hd|halfAdder_1bit:hA14|gateXor2:xor20 ; gateXor2               ; work         ;
;    |parReg_5bit:pr5|        ; 0 (0)               ; 5 (0)                     ; 0                 ; 0          ; 0    ; 0            ; |popCounter_32bitSerial|parReg_5bit:pr5                                      ; parReg_5bit            ; work         ;
;       |flipFlopDPET:ff0|    ; 0 (0)               ; 1 (1)                     ; 0                 ; 0          ; 0    ; 0            ; |popCounter_32bitSerial|parReg_5bit:pr5|flipFlopDPET:ff0                     ; flipFlopDPET           ; work         ;
;       |flipFlopDPET:ff1|    ; 0 (0)               ; 1 (1)                     ; 0                 ; 0          ; 0    ; 0            ; |popCounter_32bitSerial|parReg_5bit:pr5|flipFlopDPET:ff1                     ; flipFlopDPET           ; work         ;
;       |flipFlopDPET:ff2|    ; 0 (0)               ; 1 (1)                     ; 0                 ; 0          ; 0    ; 0            ; |popCounter_32bitSerial|parReg_5bit:pr5|flipFlopDPET:ff2                     ; flipFlopDPET           ; work         ;
;       |flipFlopDPET:ff3|    ; 0 (0)               ; 1 (1)                     ; 0                 ; 0          ; 0    ; 0            ; |popCounter_32bitSerial|parReg_5bit:pr5|flipFlopDPET:ff3                     ; flipFlopDPET           ; work         ;
;       |flipFlopDPET:ff4|    ; 0 (0)               ; 1 (1)                     ; 0                 ; 0          ; 0    ; 0            ; |popCounter_32bitSerial|parReg_5bit:pr5|flipFlopDPET:ff4                     ; flipFlopDPET           ; work         ;
;    |parReg_6bit:pr6|        ; 5 (0)               ; 6 (0)                     ; 0                 ; 0          ; 0    ; 0            ; |popCounter_32bitSerial|parReg_6bit:pr6                                      ; parReg_6bit            ; work         ;
;       |flipFlopDPET:ff0|    ; 1 (1)               ; 1 (1)                     ; 0                 ; 0          ; 0    ; 0            ; |popCounter_32bitSerial|parReg_6bit:pr6|flipFlopDPET:ff0                     ; flipFlopDPET           ; work         ;
;       |flipFlopDPET:ff1|    ; 1 (1)               ; 1 (1)                     ; 0                 ; 0          ; 0    ; 0            ; |popCounter_32bitSerial|parReg_6bit:pr6|flipFlopDPET:ff1                     ; flipFlopDPET           ; work         ;
;       |flipFlopDPET:ff2|    ; 1 (1)               ; 1 (1)                     ; 0                 ; 0          ; 0    ; 0            ; |popCounter_32bitSerial|parReg_6bit:pr6|flipFlopDPET:ff2                     ; flipFlopDPET           ; work         ;
;       |flipFlopDPET:ff3|    ; 1 (1)               ; 1 (1)                     ; 0                 ; 0          ; 0    ; 0            ; |popCounter_32bitSerial|parReg_6bit:pr6|flipFlopDPET:ff3                     ; flipFlopDPET           ; work         ;
;       |flipFlopDPET:ff4|    ; 1 (1)               ; 1 (1)                     ; 0                 ; 0          ; 0    ; 0            ; |popCounter_32bitSerial|parReg_6bit:pr6|flipFlopDPET:ff4                     ; flipFlopDPET           ; work         ;
;       |flipFlopDPET:ff5|    ; 0 (0)               ; 1 (1)                     ; 0                 ; 0          ; 0    ; 0            ; |popCounter_32bitSerial|parReg_6bit:pr6|flipFlopDPET:ff5                     ; flipFlopDPET           ; work         ;
+-----------------------------+---------------------+---------------------------+-------------------+------------+------+--------------+------------------------------------------------------------------------------+------------------------+--------------+
Note: For table entries with two numbers listed, the numbers in parentheses indicate the number of resources of the given type used by the specific entity alone. The numbers listed outside of parentheses indicate the total resources of the given type used by the specific entity and all of its sub-entities in the hierarchy.


+--------------------------------------------------------------------------------------------+
; Registers Removed During Synthesis                                                         ;
+----------------------------------------+---------------------------------------------------+
; Register name                          ; Reason for Removal                                ;
+----------------------------------------+---------------------------------------------------+
; binCounter_6bit:bc|flipFlopDPET:ff0|nQ ; Merged with binCounter_6bit:bc|flipFlopDPET:ff0|Q ;
; Total Number of Removed Registers = 1  ;                                                   ;
+----------------------------------------+---------------------------------------------------+


+------------------------------------------------------+
; General Register Statistics                          ;
+----------------------------------------------+-------+
; Statistic                                    ; Value ;
+----------------------------------------------+-------+
; Total registers                              ; 18    ;
; Number of registers using Synchronous Clear  ; 0     ;
; Number of registers using Synchronous Load   ; 0     ;
; Number of registers using Asynchronous Clear ; 18    ;
; Number of registers using Asynchronous Load  ; 0     ;
; Number of registers using Clock Enable       ; 0     ;
; Number of registers using Preset             ; 0     ;
+----------------------------------------------+-------+


+--------------------------------------------------+
; Inverted Register Statistics                     ;
+----------------------------------------+---------+
; Inverted Register                      ; Fan out ;
+----------------------------------------+---------+
; parReg_6bit:pr6|flipFlopDPET:ff0|Q     ; 1       ;
; parReg_6bit:pr6|flipFlopDPET:ff1|Q     ; 1       ;
; parReg_6bit:pr6|flipFlopDPET:ff2|Q     ; 1       ;
; parReg_6bit:pr6|flipFlopDPET:ff3|Q     ; 1       ;
; parReg_6bit:pr6|flipFlopDPET:ff4|Q     ; 1       ;
; parReg_6bit:pr6|flipFlopDPET:ff5|Q     ; 1       ;
; Total number of inverted registers = 6 ;         ;
+----------------------------------------+---------+


+----------------------------------------------------------------------------------------------------------------+
; Port Connectivity Checks: "binCounter_6bit:bc|flipFlopDPET:ff5"                                                ;
+------+--------+----------+-------------------------------------------------------------------------------------+
; Port ; Type   ; Severity ; Details                                                                             ;
+------+--------+----------+-------------------------------------------------------------------------------------+
; nset ; Input  ; Info     ; Stuck at VCC                                                                        ;
; nq   ; Output ; Info     ; Connected to dangling logic. Logic that only feeds a dangling port will be removed. ;
+------+--------+----------+-------------------------------------------------------------------------------------+


+----------------------------------------------------------------------------------------------------------------+
; Port Connectivity Checks: "binCounter_6bit:bc|flipFlopDPET:ff4"                                                ;
+------+--------+----------+-------------------------------------------------------------------------------------+
; Port ; Type   ; Severity ; Details                                                                             ;
+------+--------+----------+-------------------------------------------------------------------------------------+
; nset ; Input  ; Info     ; Stuck at VCC                                                                        ;
; nq   ; Output ; Info     ; Connected to dangling logic. Logic that only feeds a dangling port will be removed. ;
+------+--------+----------+-------------------------------------------------------------------------------------+


+----------------------------------------------------------------------------------------------------------------+
; Port Connectivity Checks: "binCounter_6bit:bc|flipFlopDPET:ff3"                                                ;
+------+--------+----------+-------------------------------------------------------------------------------------+
; Port ; Type   ; Severity ; Details                                                                             ;
+------+--------+----------+-------------------------------------------------------------------------------------+
; nset ; Input  ; Info     ; Stuck at VCC                                                                        ;
; nq   ; Output ; Info     ; Connected to dangling logic. Logic that only feeds a dangling port will be removed. ;
+------+--------+----------+-------------------------------------------------------------------------------------+


+----------------------------------------------------------------------------------------------------------------+
; Port Connectivity Checks: "binCounter_6bit:bc|flipFlopDPET:ff2"                                                ;
+------+--------+----------+-------------------------------------------------------------------------------------+
; Port ; Type   ; Severity ; Details                                                                             ;
+------+--------+----------+-------------------------------------------------------------------------------------+
; nset ; Input  ; Info     ; Stuck at VCC                                                                        ;
; nq   ; Output ; Info     ; Connected to dangling logic. Logic that only feeds a dangling port will be removed. ;
+------+--------+----------+-------------------------------------------------------------------------------------+


+----------------------------------------------------------------------------------------------------------------+
; Port Connectivity Checks: "binCounter_6bit:bc|flipFlopDPET:ff1"                                                ;
+------+--------+----------+-------------------------------------------------------------------------------------+
; Port ; Type   ; Severity ; Details                                                                             ;
+------+--------+----------+-------------------------------------------------------------------------------------+
; nset ; Input  ; Info     ; Stuck at VCC                                                                        ;
; nq   ; Output ; Info     ; Connected to dangling logic. Logic that only feeds a dangling port will be removed. ;
+------+--------+----------+-------------------------------------------------------------------------------------+


+-----------------------------------------------------------------+
; Port Connectivity Checks: "binCounter_6bit:bc|flipFlopDPET:ff0" ;
+------+-------+----------+---------------------------------------+
; Port ; Type  ; Severity ; Details                               ;
+------+-------+----------+---------------------------------------+
; nset ; Input ; Info     ; Stuck at VCC                          ;
+------+-------+----------+---------------------------------------+


+----------------------------------------------------------------------------------------------------------------+
; Port Connectivity Checks: "parReg_6bit:pr6|flipFlopDPET:ff5"                                                   ;
+------+--------+----------+-------------------------------------------------------------------------------------+
; Port ; Type   ; Severity ; Details                                                                             ;
+------+--------+----------+-------------------------------------------------------------------------------------+
; nrst ; Input  ; Info     ; Stuck at VCC                                                                        ;
; nq   ; Output ; Info     ; Connected to dangling logic. Logic that only feeds a dangling port will be removed. ;
+------+--------+----------+-------------------------------------------------------------------------------------+


+----------------------------------------------------------------------------------------------------------------+
; Port Connectivity Checks: "parReg_6bit:pr6|flipFlopDPET:ff4"                                                   ;
+------+--------+----------+-------------------------------------------------------------------------------------+
; Port ; Type   ; Severity ; Details                                                                             ;
+------+--------+----------+-------------------------------------------------------------------------------------+
; nrst ; Input  ; Info     ; Stuck at VCC                                                                        ;
; nq   ; Output ; Info     ; Connected to dangling logic. Logic that only feeds a dangling port will be removed. ;
+------+--------+----------+-------------------------------------------------------------------------------------+


+----------------------------------------------------------------------------------------------------------------+
; Port Connectivity Checks: "parReg_6bit:pr6|flipFlopDPET:ff3"                                                   ;
+------+--------+----------+-------------------------------------------------------------------------------------+
; Port ; Type   ; Severity ; Details                                                                             ;
+------+--------+----------+-------------------------------------------------------------------------------------+
; nrst ; Input  ; Info     ; Stuck at VCC                                                                        ;
; nq   ; Output ; Info     ; Connected to dangling logic. Logic that only feeds a dangling port will be removed. ;
+------+--------+----------+-------------------------------------------------------------------------------------+


+----------------------------------------------------------------------------------------------------------------+
; Port Connectivity Checks: "parReg_6bit:pr6|flipFlopDPET:ff2"                                                   ;
+------+--------+----------+-------------------------------------------------------------------------------------+
; Port ; Type   ; Severity ; Details                                                                             ;
+------+--------+----------+-------------------------------------------------------------------------------------+
; nrst ; Input  ; Info     ; Stuck at VCC                                                                        ;
; nq   ; Output ; Info     ; Connected to dangling logic. Logic that only feeds a dangling port will be removed. ;
+------+--------+----------+-------------------------------------------------------------------------------------+


+----------------------------------------------------------------------------------------------------------------+
; Port Connectivity Checks: "parReg_6bit:pr6|flipFlopDPET:ff1"                                                   ;
+------+--------+----------+-------------------------------------------------------------------------------------+
; Port ; Type   ; Severity ; Details                                                                             ;
+------+--------+----------+-------------------------------------------------------------------------------------+
; nrst ; Input  ; Info     ; Stuck at VCC                                                                        ;
; nq   ; Output ; Info     ; Connected to dangling logic. Logic that only feeds a dangling port will be removed. ;
+------+--------+----------+-------------------------------------------------------------------------------------+


+----------------------------------------------------------------------------------------------------------------+
; Port Connectivity Checks: "parReg_6bit:pr6|flipFlopDPET:ff0"                                                   ;
+------+--------+----------+-------------------------------------------------------------------------------------+
; Port ; Type   ; Severity ; Details                                                                             ;
+------+--------+----------+-------------------------------------------------------------------------------------+
; nrst ; Input  ; Info     ; Stuck at VCC                                                                        ;
; nq   ; Output ; Info     ; Connected to dangling logic. Logic that only feeds a dangling port will be removed. ;
+------+--------+----------+-------------------------------------------------------------------------------------+


+----------------------------------------------------------------------------------------------------------------+
; Port Connectivity Checks: "parReg_5bit:pr5|flipFlopDPET:ff4"                                                   ;
+------+--------+----------+-------------------------------------------------------------------------------------+
; Port ; Type   ; Severity ; Details                                                                             ;
+------+--------+----------+-------------------------------------------------------------------------------------+
; nset ; Input  ; Info     ; Stuck at VCC                                                                        ;
; nq   ; Output ; Info     ; Connected to dangling logic. Logic that only feeds a dangling port will be removed. ;
+------+--------+----------+-------------------------------------------------------------------------------------+


+----------------------------------------------------------------------------------------------------------------+
; Port Connectivity Checks: "parReg_5bit:pr5|flipFlopDPET:ff3"                                                   ;
+------+--------+----------+-------------------------------------------------------------------------------------+
; Port ; Type   ; Severity ; Details                                                                             ;
+------+--------+----------+-------------------------------------------------------------------------------------+
; nset ; Input  ; Info     ; Stuck at VCC                                                                        ;
; nq   ; Output ; Info     ; Connected to dangling logic. Logic that only feeds a dangling port will be removed. ;
+------+--------+----------+-------------------------------------------------------------------------------------+


+----------------------------------------------------------------------------------------------------------------+
; Port Connectivity Checks: "parReg_5bit:pr5|flipFlopDPET:ff2"                                                   ;
+------+--------+----------+-------------------------------------------------------------------------------------+
; Port ; Type   ; Severity ; Details                                                                             ;
+------+--------+----------+-------------------------------------------------------------------------------------+
; nset ; Input  ; Info     ; Stuck at VCC                                                                        ;
; nq   ; Output ; Info     ; Connected to dangling logic. Logic that only feeds a dangling port will be removed. ;
+------+--------+----------+-------------------------------------------------------------------------------------+


+----------------------------------------------------------------------------------------------------------------+
; Port Connectivity Checks: "parReg_5bit:pr5|flipFlopDPET:ff1"                                                   ;
+------+--------+----------+-------------------------------------------------------------------------------------+
; Port ; Type   ; Severity ; Details                                                                             ;
+------+--------+----------+-------------------------------------------------------------------------------------+
; nset ; Input  ; Info     ; Stuck at VCC                                                                        ;
; nq   ; Output ; Info     ; Connected to dangling logic. Logic that only feeds a dangling port will be removed. ;
+------+--------+----------+-------------------------------------------------------------------------------------+


+----------------------------------------------------------------------------------------------------------------+
; Port Connectivity Checks: "parReg_5bit:pr5|flipFlopDPET:ff0"                                                   ;
+------+--------+----------+-------------------------------------------------------------------------------------+
; Port ; Type   ; Severity ; Details                                                                             ;
+------+--------+----------+-------------------------------------------------------------------------------------+
; nset ; Input  ; Info     ; Stuck at VCC                                                                        ;
; nq   ; Output ; Info     ; Connected to dangling logic. Logic that only feeds a dangling port will be removed. ;
+------+--------+----------+-------------------------------------------------------------------------------------+


+----------------------------------------------------------------------------------------------------------------+
; Port Connectivity Checks: "flipFlopDPET:ff"                                                                    ;
+------+--------+----------+-------------------------------------------------------------------------------------+
; Port ; Type   ; Severity ; Details                                                                             ;
+------+--------+----------+-------------------------------------------------------------------------------------+
; nset ; Input  ; Info     ; Stuck at VCC                                                                        ;
; nq   ; Output ; Info     ; Connected to dangling logic. Logic that only feeds a dangling port will be removed. ;
+------+--------+----------+-------------------------------------------------------------------------------------+


+-----------------------------------------------------+
; Post-Synthesis Netlist Statistics for Top Partition ;
+-----------------------+-----------------------------+
; Type                  ; Count                       ;
+-----------------------+-----------------------------+
; arriav_ff             ; 18                          ;
;     CLR               ; 18                          ;
; arriav_lcell_comb     ; 28                          ;
;     normal            ; 28                          ;
;         1 data inputs ; 12                          ;
;         2 data inputs ; 2                           ;
;         3 data inputs ; 4                           ;
;         4 data inputs ; 3                           ;
;         5 data inputs ; 3                           ;
;         6 data inputs ; 4                           ;
; boundary_port         ; 9                           ;
;                       ;                             ;
; Max LUT depth         ; 2.00                        ;
; Average LUT depth     ; 1.51                        ;
+-----------------------+-----------------------------+


+-------------------------------+
; Elapsed Time Per Partition    ;
+----------------+--------------+
; Partition Name ; Elapsed Time ;
+----------------+--------------+
; Top            ; 00:00:00     ;
+----------------+--------------+


+-------------------------------+
; Analysis & Synthesis Messages ;
+-------------------------------+
Info: *******************************************************************
Info: Running Quartus Prime Analysis & Synthesis
    Info: Version 17.0.0 Build 595 04/25/2017 SJ Lite Edition
    Info: Processing started: Sun Nov 19 11:53:18 2023
Info: Command: quartus_map --read_settings_files=on --write_settings_files=off popCounter_32bitSerial -c popCounter_32bitSerial
Info (20030): Parallel compilation is enabled and will use 4 of the 4 processors detected
Info (12021): Found 2 design units, including 1 entities, in source file popcounter_32bitserial.vhd
    Info (12022): Found design unit 1: popCounter_32bitSerial-structure File: C:/Users/Adalb/Desktop/QuartoAno/AAD/Pratico/Arquitetura/Exemplo/popCounter_32bitSerial.vhd Line: 23
    Info (12023): Found entity 1: popCounter_32bitSerial File: C:/Users/Adalb/Desktop/QuartoAno/AAD/Pratico/Arquitetura/Exemplo/popCounter_32bitSerial.vhd Line: 16
Info (12021): Found 12 design units, including 6 entities, in source file storedev.vhd
    Info (12022): Found design unit 1: flipFlopDPET-behavior File: C:/Users/Adalb/Desktop/QuartoAno/AAD/Pratico/Arquitetura/Exemplo/storeDev.vhd Line: 10
    Info (12022): Found design unit 2: binCounter_6bit-structure File: C:/Users/Adalb/Desktop/QuartoAno/AAD/Pratico/Arquitetura/Exemplo/storeDev.vhd Line: 40
    Info (12022): Found design unit 3: parReg_5bit-structure File: C:/Users/Adalb/Desktop/QuartoAno/AAD/Pratico/Arquitetura/Exemplo/storeDev.vhd Line: 92
    Info (12022): Found design unit 4: parReg_4bit-structure File: C:/Users/Adalb/Desktop/QuartoAno/AAD/Pratico/Arquitetura/Exemplo/storeDev.vhd Line: 116
    Info (12022): Found design unit 5: parReg_3bit-structure File: C:/Users/Adalb/Desktop/QuartoAno/AAD/Pratico/Arquitetura/Exemplo/storeDev.vhd Line: 139
    Info (12022): Found design unit 6: parReg_6bit-structure File: C:/Users/Adalb/Desktop/QuartoAno/AAD/Pratico/Arquitetura/Exemplo/storeDev.vhd Line: 163
    Info (12023): Found entity 1: flipFlopDPET File: C:/Users/Adalb/Desktop/QuartoAno/AAD/Pratico/Arquitetura/Exemplo/storeDev.vhd Line: 4
    Info (12023): Found entity 2: binCounter_6bit File: C:/Users/Adalb/Desktop/QuartoAno/AAD/Pratico/Arquitetura/Exemplo/storeDev.vhd Line: 34
    Info (12023): Found entity 3: parReg_5bit File: C:/Users/Adalb/Desktop/QuartoAno/AAD/Pratico/Arquitetura/Exemplo/storeDev.vhd Line: 85
    Info (12023): Found entity 4: parReg_4bit File: C:/Users/Adalb/Desktop/QuartoAno/AAD/Pratico/Arquitetura/Exemplo/storeDev.vhd Line: 109
    Info (12023): Found entity 5: parReg_3bit File: C:/Users/Adalb/Desktop/QuartoAno/AAD/Pratico/Arquitetura/Exemplo/storeDev.vhd Line: 132
    Info (12023): Found entity 6: parReg_6bit File: C:/Users/Adalb/Desktop/QuartoAno/AAD/Pratico/Arquitetura/Exemplo/storeDev.vhd Line: 156
Info (12021): Found 10 design units, including 5 entities, in source file simplelogic.vhd
    Info (12022): Found design unit 1: gateAnd2-logicFunction File: C:/Users/Adalb/Desktop/QuartoAno/AAD/Pratico/Arquitetura/Exemplo/simpleLogic.vhd Line: 9
    Info (12022): Found design unit 2: gateNand2-logicFunction File: C:/Users/Adalb/Desktop/QuartoAno/AAD/Pratico/Arquitetura/Exemplo/simpleLogic.vhd Line: 22
    Info (12022): Found design unit 3: gateNor2-logicFunction File: C:/Users/Adalb/Desktop/QuartoAno/AAD/Pratico/Arquitetura/Exemplo/simpleLogic.vhd Line: 35
    Info (12022): Found design unit 4: gateXor2-logicFunction File: C:/Users/Adalb/Desktop/QuartoAno/AAD/Pratico/Arquitetura/Exemplo/simpleLogic.vhd Line: 48
    Info (12022): Found design unit 5: gateXOR4-logicFunction File: C:/Users/Adalb/Desktop/QuartoAno/AAD/Pratico/Arquitetura/Exemplo/simpleLogic.vhd Line: 62
    Info (12023): Found entity 1: gateAnd2 File: C:/Users/Adalb/Desktop/QuartoAno/AAD/Pratico/Arquitetura/Exemplo/simpleLogic.vhd Line: 4
    Info (12023): Found entity 2: gateNand2 File: C:/Users/Adalb/Desktop/QuartoAno/AAD/Pratico/Arquitetura/Exemplo/simpleLogic.vhd Line: 17
    Info (12023): Found entity 3: gateNor2 File: C:/Users/Adalb/Desktop/QuartoAno/AAD/Pratico/Arquitetura/Exemplo/simpleLogic.vhd Line: 30
    Info (12023): Found entity 4: gateXor2 File: C:/Users/Adalb/Desktop/QuartoAno/AAD/Pratico/Arquitetura/Exemplo/simpleLogic.vhd Line: 43
    Info (12023): Found entity 5: gateXOR4 File: C:/Users/Adalb/Desktop/QuartoAno/AAD/Pratico/Arquitetura/Exemplo/simpleLogic.vhd Line: 57
Info (12021): Found 4 design units, including 2 entities, in source file control.vhd
    Info (12022): Found design unit 1: contMem-behavior File: C:/Users/Adalb/Desktop/QuartoAno/AAD/Pratico/Arquitetura/Exemplo/control.vhd Line: 11
    Info (12022): Found design unit 2: control-structure File: C:/Users/Adalb/Desktop/QuartoAno/AAD/Pratico/Arquitetura/Exemplo/control.vhd Line: 101
    Info (12023): Found entity 1: contMem File: C:/Users/Adalb/Desktop/QuartoAno/AAD/Pratico/Arquitetura/Exemplo/control.vhd Line: 6
    Info (12023): Found entity 2: control File: C:/Users/Adalb/Desktop/QuartoAno/AAD/Pratico/Arquitetura/Exemplo/control.vhd Line: 92
Info (12021): Found 4 design units, including 2 entities, in source file arithmetic.vhd
    Info (12022): Found design unit 1: halfAdder_1bit-structure File: C:/Users/Adalb/Desktop/QuartoAno/AAD/Pratico/Arquitetura/Exemplo/arithmetic.vhd Line: 12
    Info (12022): Found design unit 2: halfAdder_5bit-structure File: C:/Users/Adalb/Desktop/QuartoAno/AAD/Pratico/Arquitetura/Exemplo/arithmetic.vhd Line: 36
    Info (12023): Found entity 1: halfAdder_1bit File: C:/Users/Adalb/Desktop/QuartoAno/AAD/Pratico/Arquitetura/Exemplo/arithmetic.vhd Line: 7
    Info (12023): Found entity 2: halfAdder_5bit File: C:/Users/Adalb/Desktop/QuartoAno/AAD/Pratico/Arquitetura/Exemplo/arithmetic.vhd Line: 29
Info (12127): Elaborating entity "popCounter_32bitSerial" for the top level hierarchy
Info (12128): Elaborating entity "flipFlopDPET" for hierarchy "flipFlopDPET:ff" File: C:/Users/Adalb/Desktop/QuartoAno/AAD/Pratico/Arquitetura/Exemplo/popCounter_32bitSerial.vhd Line: 65
Info (12128): Elaborating entity "halfAdder_5bit" for hierarchy "halfAdder_5bit:hd" File: C:/Users/Adalb/Desktop/QuartoAno/AAD/Pratico/Arquitetura/Exemplo/popCounter_32bitSerial.vhd Line: 66
Info (12128): Elaborating entity "halfAdder_1bit" for hierarchy "halfAdder_5bit:hd|halfAdder_1bit:hA10" File: C:/Users/Adalb/Desktop/QuartoAno/AAD/Pratico/Arquitetura/Exemplo/arithmetic.vhd Line: 43
Info (12128): Elaborating entity "gateXor2" for hierarchy "halfAdder_5bit:hd|halfAdder_1bit:hA10|gateXor2:xor20" File: C:/Users/Adalb/Desktop/QuartoAno/AAD/Pratico/Arquitetura/Exemplo/arithmetic.vhd Line: 22
Info (12128): Elaborating entity "gateAnd2" for hierarchy "halfAdder_5bit:hd|halfAdder_1bit:hA10|gateAnd2:and20" File: C:/Users/Adalb/Desktop/QuartoAno/AAD/Pratico/Arquitetura/Exemplo/arithmetic.vhd Line: 23
Info (12128): Elaborating entity "parReg_5bit" for hierarchy "parReg_5bit:pr5" File: C:/Users/Adalb/Desktop/QuartoAno/AAD/Pratico/Arquitetura/Exemplo/popCounter_32bitSerial.vhd Line: 67
Info (12128): Elaborating entity "parReg_6bit" for hierarchy "parReg_6bit:pr6" File: C:/Users/Adalb/Desktop/QuartoAno/AAD/Pratico/Arquitetura/Exemplo/popCounter_32bitSerial.vhd Line: 68
Info (12128): Elaborating entity "binCounter_6bit" for hierarchy "binCounter_6bit:bc" File: C:/Users/Adalb/Desktop/QuartoAno/AAD/Pratico/Arquitetura/Exemplo/popCounter_32bitSerial.vhd Line: 69
Info (12128): Elaborating entity "control" for hierarchy "control:con" File: C:/Users/Adalb/Desktop/QuartoAno/AAD/Pratico/Arquitetura/Exemplo/popCounter_32bitSerial.vhd Line: 70
Info (12128): Elaborating entity "contMem" for hierarchy "control:con|contMem:cMem" File: C:/Users/Adalb/Desktop/QuartoAno/AAD/Pratico/Arquitetura/Exemplo/control.vhd Line: 117
Info (12128): Elaborating entity "gateNand2" for hierarchy "control:con|gateNand2:nad1" File: C:/Users/Adalb/Desktop/QuartoAno/AAD/Pratico/Arquitetura/Exemplo/control.vhd Line: 118
Info (12128): Elaborating entity "gateNor2" for hierarchy "control:con|gateNor2:nord" File: C:/Users/Adalb/Desktop/QuartoAno/AAD/Pratico/Arquitetura/Exemplo/control.vhd Line: 122
Info (276014): Found 1 instances of uninferred RAM logic
    Info (276004): RAM logic "control:con|contMem:cMem|prog" is uninferred due to inappropriate RAM size File: C:/Users/Adalb/Desktop/QuartoAno/AAD/Pratico/Arquitetura/Exemplo/control.vhd Line: 15
Warning (19016): Clock multiplexers are found and protected
    Warning (19017): Found clock multiplexer control:con|contMem:cMem|prog~0 File: C:/Users/Adalb/Desktop/QuartoAno/AAD/Pratico/Arquitetura/Exemplo/control.vhd Line: 15
Info (286030): Timing-Driven Synthesis is running
Info (16010): Generating hard_block partition "hard_block:auto_generated_inst"
    Info (16011): Adding 0 node(s), including 0 DDIO, 0 PLL, 0 transceiver and 0 LCELL
Info (21057): Implemented 37 device resources after synthesis - the final resource count might be different
    Info (21058): Implemented 3 input pins
    Info (21059): Implemented 6 output pins
    Info (21061): Implemented 28 logic cells
Info: Quartus Prime Analysis & Synthesis was successful. 0 errors, 2 warnings
    Info: Peak virtual memory: 4855 megabytes
    Info: Processing ended: Sun Nov 19 11:53:34 2023
    Info: Elapsed time: 00:00:16
    Info: Total CPU time (on all processors): 00:00:10


